<?xml version="1.0" encoding="utf-8"?>
<test-run id="2" testcasecount="1" result="Passed" total="1" passed="1" failed="0" inconclusive="0" skipped="0" asserts="0" engine-version="3.5.0.0" clr-version="4.0.30319.42000" start-time="2024-04-14 22:55:54Z" end-time="2024-04-14 22:55:54Z" duration="0,1399334">
  <test-suite type="TestSuite" id="1008" name="interactive_comic" fullname="interactive_comic" runstate="Runnable" testcasecount="1" result="Passed" start-time="2024-04-14 22:55:54Z" end-time="2024-04-14 22:55:54Z" duration="0.139933" total="1" passed="1" failed="0" inconclusive="0" skipped="0" asserts="0">
    <properties>
      <property name="platform" value="EditMode" />
    </properties>
    <test-suite type="Assembly" id="1003" name="Tests.dll" fullname="C:/Users/cecic/Documents/GitHub/interactive_comic/Library/ScriptAssemblies/Tests.dll" runstate="Runnable" testcasecount="1" result="Passed" start-time="2024-04-14 22:55:54Z" end-time="2024-04-14 22:55:54Z" duration="0.118897" total="1" passed="1" failed="0" inconclusive="0" skipped="0" asserts="0">
      <properties>
        <property name="_PID" value="55144" />
        <property name="_APPDOMAIN" value="Unity Child Domain" />
        <property name="platform" value="EditMode" />
        <property name="EditorOnly" value="True" />
      </properties>
      <test-suite type="TestFixture" id="1001" name="test" fullname="test" classname="test" runstate="Runnable" testcasecount="1" result="Passed" start-time="2024-04-14 22:55:54Z" end-time="2024-04-14 22:55:54Z" duration="0.115492" total="1" passed="1" failed="0" inconclusive="0" skipped="0" asserts="0">
        <properties />
        <test-case id="1002" name="FullGameInteractionTest" fullname="test.FullGameInteractionTest" methodname="FullGameInteractionTest" classname="test" runstate="Runnable" seed="1584846457" result="Passed" start-time="2024-04-14 22:55:54Z" end-time="2024-04-14 22:55:54Z" duration="0.101876" asserts="0">
          <properties>
            <property name="_JOINTYPE" value="UnityCombinatorial" />
            <property name="retryIteration" value="0" />
            <property name="repeatIteration" value="0" />
          </properties>
          <output><![CDATA[Unloading the last loaded scene Assets/Vista/Scenes/MiniJuego1.unity(build index: 0), is not supported. Please use SceneManager.LoadScene()/EditorSceneManager.OpenScene() to switch to another scene.
]]></output>
        </test-case>
      </test-suite>
    </test-suite>
  </test-suite>
</test-run>